#
# There is insufficient memory for the Java Runtime Environment to continue.
# Native memory allocation (malloc) failed to allocate 32744 bytes for ChunkPool::allocate
# Possible reasons:
#   The system is out of physical RAM or swap space
#   In 32 bit mode, the process size limit was hit
# Possible solutions:
#   Reduce memory load on the system
#   Increase physical memory or swap space
#   Check if swap backing store is full
#   Use 64 bit Java on a 64 bit OS
#   Decrease Java heap size (-Xmx/-Xms)
#   Decrease number of Java threads
#   Decrease Java thread stack sizes (-Xss)
#   Set larger code cache with -XX:ReservedCodeCacheSize=
# This output file may be truncated or incomplete.
#
#  Out of Memory Error (allocation.cpp:273), pid=42188, tid=0x000000000000a5f0
#
# JRE version: OpenJDK Runtime Environment (8.0_76-b03) (build 1.8.0_76-release-b03)
# Java VM: OpenJDK 64-Bit Server VM (25.76-b03 mixed mode windows-amd64 compressed oops)
# Failed to write core dump. Minidumps are not enabled by default on client versions of Windows
#

---------------  T H R E A D  ---------------

Current thread (0x000000001789c800):  JavaThread "C2 CompilerThread0" daemon [_thread_in_native, id=42480, stack(0x0000000018060000,0x0000000018160000)]

Stack: [0x0000000018060000,0x0000000018160000]
[error occurred during error reporting (printing stack bounds), id 0xc0000005]

Native frames: (J=compiled Java code, j=interpreted, Vv=VM code, C=native code)


Current CompileTask:
C2:  11552 2286       4       com.android.dx.cf.code.Simulator$SimVisitor::visitNoArgs (2136 bytes)


---------------  P R O C E S S  ---------------

Java Threads: ( => current thread )
  0x0000000017b55000 JavaThread "pool-1-thread-1" [_thread_new, id=4156, stack(0x0000000000000000,0x0000000000000000)]
  0x0000000017928800 JavaThread "Service Thread" daemon [_thread_blocked, id=46944, stack(0x0000000018460000,0x0000000018560000)]
  0x00000000178aa800 JavaThread "C1 CompilerThread3" daemon [_thread_blocked, id=42964, stack(0x0000000018360000,0x0000000018460000)]
  0x000000001598e000 JavaThread "C2 CompilerThread2" daemon [_thread_in_native, id=44112, stack(0x0000000018260000,0x0000000018360000)]
  0x000000001789f800 JavaThread "C2 CompilerThread1" daemon [_thread_in_native, id=43000, stack(0x0000000018160000,0x0000000018260000)]
=>0x000000001789c800 JavaThread "C2 CompilerThread0" daemon [_thread_in_native, id=42480, stack(0x0000000018060000,0x0000000018160000)]
  0x0000000017899000 JavaThread "Attach Listener" daemon [_thread_blocked, id=45888, stack(0x0000000017f60000,0x0000000018060000)]
  0x0000000017897800 JavaThread "Signal Dispatcher" daemon [_thread_blocked, id=24436, stack(0x0000000017e60000,0x0000000017f60000)]
  0x0000000002e58800 JavaThread "Finalizer" daemon [_thread_blocked, id=46216, stack(0x0000000017c70000,0x0000000017d70000)]
  0x0000000002e55000 JavaThread "Reference Handler" daemon [_thread_blocked, id=46468, stack(0x0000000017770000,0x0000000017870000)]
  0x0000000002bbd800 JavaThread "main" [_thread_blocked, id=46760, stack(0x0000000002c60000,0x0000000002d60000)]

Other Threads:
  0x0000000015975800 VMThread [stack: 0x0000000017670000,0x0000000017770000] [id=43088]
  0x0000000017929800 WatcherThread [stack: 0x0000000018560000,0x0000000018660000] [id=35260]

VM state:not at safepoint (normal execution)

VM Mutex/Monitor currently owned by a thread: None

Heap:
 PSYoungGen      total 136192K, used 32582K [0x00000000eab00000, 0x00000000fe000000, 0x0000000100000000)
  eden space 131072K, 20% used [0x00000000eab00000,0x00000000ec5d5070,0x00000000f2b00000)
  from space 5120K, 99% used [0x00000000f2b00000,0x00000000f2ffc960,0x00000000f3000000)
  to   space 27136K, 0% used [0x00000000fc580000,0x00000000fc580000,0x00000000fe000000)
 ParOldGen       total 86016K, used 43917K [0x00000000c0000000, 0x00000000c5400000, 0x00000000eab00000)
  object space 86016K, 51% used [0x00000000c0000000,0x00000000c2ae3510,0x00000000c5400000)
 Metaspace       used 6284K, capacity 7216K, committed 7296K, reserved 1056768K
  class space    used 587K, capacity 616K, committed 640K, reserved 1048576K

Card table byte_map: [0x0000000012220000,0x0000000012430000] byte_map_base: 0x0000000011c20000

Marking Bits: (ParMarkBitMap*) 0x00000000700d9d00
 Begin Bits: [0x0000000012d90000, 0x0000000013d90000)
 End Bits:   [0x0000000013d90000, 0x0000000014d90000)

Polling page: 0x00000000014f0000

CodeCache: size=245760Kb used=11085Kb max_used=11085Kb free=234674Kb
 bounds [0x0000000002e60000, 0x0000000003940000, 0x0000000011e60000]
 total_blobs=2436 nmethods=2173 adapters=176
 compilation: enabled

Compilation events (10 events):
Event: 11.357 Thread 0x00000000178aa800 2296       3       com.android.dx.ssa.back.FirstFitLocalCombiningAllocator::ssaSetToSpecs (57 bytes)
Event: 11.359 Thread 0x00000000178aa800 nmethod 2296 0x0000000003924010 code [0x00000000039242c0, 0x0000000003925558]
Event: 11.361 Thread 0x00000000178aa800 2297       3       com.android.dx.dex.file.AnnotationUtils::makeSignature (251 bytes)
Event: 11.364 Thread 0x00000000178aa800 nmethod 2297 0x0000000003931b10 code [0x0000000003931f60, 0x00000000039349a8]
Event: 11.449 Thread 0x00000000178aa800 2300       3       com.android.dx.ssa.back.FirstFitLocalCombiningAllocator::handleCheckCastResults (413 bytes)
Event: 11.455 Thread 0x00000000178aa800 nmethod 2300 0x0000000003936750 code [0x0000000003936ce0, 0x000000000393a938]
Event: 11.483 Thread 0x00000000178aa800 2301       3       com.android.dx.rop.code.RegisterSpecList::withoutLast (60 bytes)
Event: 11.484 Thread 0x00000000178aa800 nmethod 2301 0x00000000038d8350 code [0x00000000038d8580, 0x00000000038d9348]
Event: 11.503 Thread 0x00000000178aa800 2302       3       java.util.concurrent.FutureTask::report (37 bytes)
Event: 11.503 Thread 0x00000000178aa800 nmethod 2302 0x0000000003928b10 code [0x0000000003928ca0, 0x0000000003929098]

GC Heap History (10 events):
Event: 1.568 GC heap before
{Heap before GC invocations=1 (full 0):
 PSYoungGen      total 37888K, used 32768K [0x00000000eab00000, 0x00000000ed500000, 0x0000000100000000)
  eden space 32768K, 100% used [0x00000000eab00000,0x00000000ecb00000,0x00000000ecb00000)
  from space 5120K, 0% used [0x00000000ed000000,0x00000000ed000000,0x00000000ed500000)
  to   space 5120K, 0% used [0x00000000ecb00000,0x00000000ecb00000,0x00000000ed000000)
 ParOldGen       total 86016K, used 0K [0x00000000c0000000, 0x00000000c5400000, 0x00000000eab00000)
  object space 86016K, 0% used [0x00000000c0000000,0x00000000c0000000,0x00000000c5400000)
 Metaspace       used 5745K, capacity 6832K, committed 7040K, reserved 1056768K
  class space    used 564K, capacity 616K, committed 640K, reserved 1048576K
Event: 1.740 GC heap after
Heap after GC invocations=1 (full 0):
 PSYoungGen      total 37888K, used 5107K [0x00000000eab00000, 0x00000000ef500000, 0x0000000100000000)
  eden space 32768K, 0% used [0x00000000eab00000,0x00000000eab00000,0x00000000ecb00000)
  from space 5120K, 99% used [0x00000000ecb00000,0x00000000ecffcc38,0x00000000ed000000)
  to   space 5120K, 0% used [0x00000000ef000000,0x00000000ef000000,0x00000000ef500000)
 ParOldGen       total 86016K, used 557K [0x00000000c0000000, 0x00000000c5400000, 0x00000000eab00000)
  object space 86016K, 0% used [0x00000000c0000000,0x00000000c008b478,0x00000000c5400000)
 Metaspace       used 5745K, capacity 6832K, committed 7040K, reserved 1056768K
  class space    used 564K, capacity 616K, committed 640K, reserved 1048576K
}
Event: 2.817 GC heap before
{Heap before GC invocations=2 (full 0):
 PSYoungGen      total 37888K, used 37875K [0x00000000eab00000, 0x00000000ef500000, 0x0000000100000000)
  eden space 32768K, 100% used [0x00000000eab00000,0x00000000ecb00000,0x00000000ecb00000)
  from space 5120K, 99% used [0x00000000ecb00000,0x00000000ecffcc38,0x00000000ed000000)
  to   space 5120K, 0% used [0x00000000ef000000,0x00000000ef000000,0x00000000ef500000)
 ParOldGen       total 86016K, used 557K [0x00000000c0000000, 0x00000000c5400000, 0x00000000eab00000)
  object space 86016K, 0% used [0x00000000c0000000,0x00000000c008b478,0x00000000c5400000)
 Metaspace       used 5979K, capacity 7088K, committed 7296K, reserved 1056768K
  class space    used 565K, capacity 616K, committed 640K, reserved 1048576K
Event: 2.831 GC heap after
Heap after GC invocations=2 (full 0):
 PSYoungGen      total 70656K, used 5089K [0x00000000eab00000, 0x00000000ef500000, 0x0000000100000000)
  eden space 65536K, 0% used [0x00000000eab00000,0x00000000eab00000,0x00000000eeb00000)
  from space 5120K, 99% used [0x00000000ef000000,0x00000000ef4f85f8,0x00000000ef500000)
  to   space 5120K, 0% used [0x00000000eeb00000,0x00000000eeb00000,0x00000000ef000000)
 ParOldGen       total 86016K, used 4789K [0x00000000c0000000, 0x00000000c5400000, 0x00000000eab00000)
  object space 86016K, 5% used [0x00000000c0000000,0x00000000c04ad580,0x00000000c5400000)
 Metaspace       used 5979K, capacity 7088K, committed 7296K, reserved 1056768K
  class space    used 565K, capacity 616K, committed 640K, reserved 1048576K
}
Event: 4.403 GC heap before
{Heap before GC invocations=3 (full 0):
 PSYoungGen      total 70656K, used 70625K [0x00000000eab00000, 0x00000000ef500000, 0x0000000100000000)
  eden space 65536K, 100% used [0x00000000eab00000,0x00000000eeb00000,0x00000000eeb00000)
  from space 5120K, 99% used [0x00000000ef000000,0x00000000ef4f85f8,0x00000000ef500000)
  to   space 5120K, 0% used [0x00000000eeb00000,0x00000000eeb00000,0x00000000ef000000)
 ParOldGen       total 86016K, used 4789K [0x00000000c0000000, 0x00000000c5400000, 0x00000000eab00000)
  object space 86016K, 5% used [0x00000000c0000000,0x00000000c04ad580,0x00000000c5400000)
 Metaspace       used 6084K, capacity 7152K, committed 7296K, reserved 1056768K
  class space    used 565K, capacity 616K, committed 640K, reserved 1048576K
Event: 4.480 GC heap after
Heap after GC invocations=3 (full 0):
 PSYoungGen      total 70656K, used 5101K [0x00000000eab00000, 0x00000000f3500000, 0x0000000100000000)
  eden space 65536K, 0% used [0x00000000eab00000,0x00000000eab00000,0x00000000eeb00000)
  from space 5120K, 99% used [0x00000000eeb00000,0x00000000eeffb7b0,0x00000000ef000000)
  to   space 5120K, 0% used [0x00000000f3000000,0x00000000f3000000,0x00000000f3500000)
 ParOldGen       total 86016K, used 14191K [0x00000000c0000000, 0x00000000c5400000, 0x00000000eab00000)
  object space 86016K, 16% used [0x00000000c0000000,0x00000000c0ddbf18,0x00000000c5400000)
 Metaspace       used 6084K, capacity 7152K, committed 7296K, reserved 1056768K
  class space    used 565K, capacity 616K, committed 640K, reserved 1048576K
}
Event: 8.357 GC heap before
{Heap before GC invocations=4 (full 0):
 PSYoungGen      total 70656K, used 70637K [0x00000000eab00000, 0x00000000f3500000, 0x0000000100000000)
  eden space 65536K, 100% used [0x00000000eab00000,0x00000000eeb00000,0x00000000eeb00000)
  from space 5120K, 99% used [0x00000000eeb00000,0x00000000eeffb7b0,0x00000000ef000000)
  to   space 5120K, 0% used [0x00000000f3000000,0x00000000f3000000,0x00000000f3500000)
 ParOldGen       total 86016K, used 14191K [0x00000000c0000000, 0x00000000c5400000, 0x00000000eab00000)
  object space 86016K, 16% used [0x00000000c0000000,0x00000000c0ddbf18,0x00000000c5400000)
 Metaspace       used 6201K, capacity 7152K, committed 7296K, reserved 1056768K
  class space    used 585K, capacity 616K, committed 640K, reserved 1048576K
Event: 8.597 GC heap after
Heap after GC invocations=4 (full 0):
 PSYoungGen      total 136192K, used 5112K [0x00000000eab00000, 0x00000000f3500000, 0x0000000100000000)
  eden space 131072K, 0% used [0x00000000eab00000,0x00000000eab00000,0x00000000f2b00000)
  from space 5120K, 99% used [0x00000000f3000000,0x00000000f34fe310,0x00000000f3500000)
  to   space 5120K, 0% used [0x00000000f2b00000,0x00000000f2b00000,0x00000000f3000000)
 ParOldGen       total 86016K, used 24012K [0x00000000c0000000, 0x00000000c5400000, 0x00000000eab00000)
  object space 86016K, 27% used [0x00000000c0000000,0x00000000c17732d8,0x00000000c5400000)
 Metaspace       used 6201K, capacity 7152K, committed 7296K, reserved 1056768K
  class space    used 585K, capacity 616K, committed 640K, reserved 1048576K
}
Event: 11.231 GC heap before
{Heap before GC invocations=5 (full 0):
 PSYoungGen      total 136192K, used 136184K [0x00000000eab00000, 0x00000000f3500000, 0x0000000100000000)
  eden space 131072K, 100% used [0x00000000eab00000,0x00000000f2b00000,0x00000000f2b00000)
  from space 5120K, 99% used [0x00000000f3000000,0x00000000f34fe310,0x00000000f3500000)
  to   space 5120K, 0% used [0x00000000f2b00000,0x00000000f2b00000,0x00000000f3000000)
 ParOldGen       total 86016K, used 24012K [0x00000000c0000000, 0x00000000c5400000, 0x00000000eab00000)
  object space 86016K, 27% used [0x00000000c0000000,0x00000000c17732d8,0x00000000c5400000)
 Metaspace       used 6273K, capacity 7216K, committed 7296K, reserved 1056768K
  class space    used 585K, capacity 616K, committed 640K, reserved 1048576K
Event: 11.278 GC heap after
Heap after GC invocations=5 (full 0):
 PSYoungGen      total 136192K, used 5106K [0x00000000eab00000, 0x00000000fe000000, 0x0000000100000000)
  eden space 131072K, 0% used [0x00000000eab00000,0x00000000eab00000,0x00000000f2b00000)
  from space 5120K, 99% used [0x00000000f2b00000,0x00000000f2ffc960,0x00000000f3000000)
  to   space 27136K, 0% used [0x00000000fc580000,0x00000000fc580000,0x00000000fe000000)
 ParOldGen       total 86016K, used 43917K [0x00000000c0000000, 0x00000000c5400000, 0x00000000eab00000)
  object space 86016K, 51% used [0x00000000c0000000,0x00000000c2ae3510,0x00000000c5400000)
 Metaspace       used 6273K, capacity 7216K, committed 7296K, reserved 1056768K
  class space    used 585K, capacity 616K, committed 640K, reserved 1048576K
}

Deoptimization events (10 events):
Event: 10.512 Thread 0x0000000017b58000 Uncommon trap: reason=bimorphic action=maybe_recompile pc=0x000000000338eda8 method=com.android.dx.ssa.LiteralOpUpgrader.tryReplacingWithConstant(Lcom/android/dx/ssa/NormalSsaInsn;)Z @ 62
Event: 10.545 Thread 0x0000000017b58000 Uncommon trap: reason=unstable_if action=reinterpret pc=0x000000000344dd18 method=java.util.HashMap.resize()[Ljava/util/HashMap$Node; @ 206
Event: 10.555 Thread 0x0000000017c2d800 Uncommon trap: reason=unstable_if action=reinterpret pc=0x000000000384ddfc method=com.android.dx.cf.code.Ropper.isSynchronized()Z @ 12
Event: 10.555 Thread 0x0000000017c2d800 Uncommon trap: reason=unstable_if action=reinterpret pc=0x0000000003386b0c method=com.android.dx.ssa.MoveParamCombiner$1.visitNonMoveInsn(Lcom/android/dx/ssa/NormalSsaInsn;)V @ 27
Event: 10.569 Thread 0x0000000017b55000 Uncommon trap: reason=unstable_if action=reinterpret pc=0x000000000376ba10 method=com.android.dx.rop.code.DexTranslationAdvice.hasConstantOperation(Lcom/android/dx/rop/code/Rop;Lcom/android/dx/rop/code/RegisterSpec;Lcom/android/dx/rop/code/RegisterSpec;)Z 
Event: 10.992 Thread 0x0000000017c2e000 Uncommon trap: reason=unstable_if action=reinterpret pc=0x0000000003596c44 method=com.android.dx.rop.cst.CstNat.equals(Ljava/lang/Object;)Z @ 25
Event: 11.167 Thread 0x0000000017b58000 Uncommon trap: reason=class_check action=maybe_recompile pc=0x00000000035bae04 method=com.android.dx.ssa.SCCP.simulateBranch(Lcom/android/dx/ssa/SsaInsn;)V @ 145
Event: 11.167 Thread 0x0000000017b58000 Uncommon trap: reason=unstable_if action=reinterpret pc=0x00000000038541b0 method=com.android.dx.ssa.SCCP.replaceBranches()V @ 14
Event: 11.177 Thread 0x0000000017b58000 Uncommon trap: reason=unstable_if action=reinterpret pc=0x000000000381920c method=com.android.dx.cf.code.ByteCatchList.listFor(I)Lcom/android/dx/cf/code/ByteCatchList; @ 47
Event: 11.204 Thread 0x0000000017c2d800 Uncommon trap: reason=class_check action=maybe_recompile pc=0x0000000003800e7c method=com.android.dx.ssa.back.FirstFitLocalCombiningAllocator.findNextUnreservedRopReg(IILcom/android/dx/ssa/back/FirstFitLocalCombiningAllocator$Alignment;)I @ 60

Internal exceptions (6 events):
Event: 0.229 Thread 0x0000000002bbd800 Exception <a 'java/lang/NoSuchMethodError': Method sun.misc.Unsafe.defineClass(Ljava/lang/String;[BII)Ljava/lang/Class; name or signature does not match> (0x00000000eab07cc0) thrown at [C:\src\android\AOSP-openjdk\external\jetbrains\jdk\hotspot\src\share\v™¨éµlLÍ?
Event: 0.229 Thread 0x0000000002bbd800 Exception <a 'java/lang/NoSuchMethodError': Method sun.misc.Unsafe.prefetchRead(Ljava/lang/Object;J)V name or signature does not match> (0x00000000eab07fa8) thrown at [C:\src\android\AOSP-openjdk\external\jetbrains\jdk\hotspot\src\share\vm\prims\jni.cpp, lœA0@
Event: 2.753 Thread 0x0000000017b55000 Implicit null exception at 0x000000000317a18f to 0x000000000317c5c1
Event: 8.017 Thread 0x0000000017c2d800 Exception <a 'java/lang/ArrayIndexOutOfBoundsException': 18> (0x00000000ee79bf18) thrown at [C:\src\android\AOSP-openjdk\external\jetbrains\jdk\hotspot\src\share\vm\interpreter\interpreterRuntime.cpp, line 366]
Event: 8.018 Thread 0x0000000017c2d800 Exception <a 'java/lang/ArrayIndexOutOfBoundsException'> (0x00000000ee79da98) thrown at [C:\src\android\AOSP-openjdk\external\jetbrains\jdk\hotspot\src\share\vm\runtime\sharedRuntime.cpp, line 605]
Event: 8.286 Thread 0x0000000017c2d800 Exception <a 'java/lang/ArrayIndexOutOfBoundsException'> (0x00000000ee79ed80) thrown at [C:\src\android\AOSP-openjdk\external\jetbrains\jdk\hotspot\src\share\vm\runtime\sharedRuntime.cpp, line 605]

Events (10 events):
Event: 11.449 Thread 0x0000000017b58000 DEOPT PACKING pc=0x00000000034166e3 sp=0x000000001935ea30
Event: 11.449 Thread 0x0000000017b58000 DEOPT UNPACKING pc=0x0000000002ea75bf sp=0x000000001935e780 mode 0
Event: 11.459 Thread 0x0000000017c2e000 Thread exited: 0x0000000017c2e000
Event: 11.460 Thread 0x0000000017b55000 Thread exited: 0x0000000017b55000
Event: 11.462 Thread 0x0000000017c2d800 Thread exited: 0x0000000017c2d800
Event: 11.503 Thread 0x0000000017c06800 Thread exited: 0x0000000017c06800
Event: 11.504 loading class com/android/dx/command/dexer/Main$DexWriter
Event: 11.504 loading class com/android/dx/command/dexer/Main$DexWriter done
Event: 11.504 Thread 0x0000000017b58000 Thread exited: 0x0000000017b58000
Event: 11.504 Thread 0x0000000017b55000 Thread added: 0x0000000017b55000


Dynamic libraries:
0x00007ff6c0bf0000 - 0x00007ff6c0c21000 	C:\Program Files\Android\Android Studio\jre\bin\java.exe
0x00007ffe897b0000 - 0x00007ffe89981000 	C:\WINDOWS\SYSTEM32\ntdll.dll
0x00007ffe87c20000 - 0x00007ffe87ccb000 	C:\WINDOWS\System32\KERNEL32.DLL
0x00007ffe86740000 - 0x00007ffe8695d000 	C:\WINDOWS\System32\KERNELBASE.dll
0x00007ffe87d90000 - 0x00007ffe87e32000 	C:\WINDOWS\System32\ADVAPI32.dll
0x00007ffe880e0000 - 0x00007ffe8817e000 	C:\WINDOWS\System32\msvcrt.dll
0x00007ffe86da0000 - 0x00007ffe86df9000 	C:\WINDOWS\System32\sechost.dll
0x00007ffe87e40000 - 0x00007ffe87f61000 	C:\WINDOWS\System32\RPCRT4.dll
0x00007ffe87f70000 - 0x00007ffe880d5000 	C:\WINDOWS\System32\USER32.dll
0x00007ffe85d10000 - 0x00007ffe85d2e000 	C:\WINDOWS\System32\win32u.dll
0x00007ffe89770000 - 0x00007ffe897a4000 	C:\WINDOWS\System32\GDI32.dll
0x00007ffe86a00000 - 0x00007ffe86b82000 	C:\WINDOWS\System32\gdi32full.dll
0x00007ffe78b00000 - 0x00007ffe78d79000 	C:\WINDOWS\WinSxS\amd64_microsoft.windows.common-controls_6595b64144ccf1df_6.0.14393.447_none_42191651c6827bb3\COMCTL32.dll
0x00007ffe874c0000 - 0x00007ffe87788000 	C:\WINDOWS\System32\combase.dll
0x00007ffe86be0000 - 0x00007ffe86cd5000 	C:\WINDOWS\System32\ucrtbase.dll
0x00007ffe85ca0000 - 0x00007ffe85d0a000 	C:\WINDOWS\System32\bcryptPrimitives.dll
0x00007ffe87180000 - 0x00007ffe871ae000 	C:\WINDOWS\System32\IMM32.DLL
0x000000006f840000 - 0x000000006f912000 	C:\Program Files\Android\Android Studio\jre\jre\bin\msvcr100.dll
0x000000006f920000 - 0x0000000070154000 	C:\Program Files\Android\Android Studio\jre\jre\bin\server\jvm.dll
0x00007ffe871b0000 - 0x00007ffe871b8000 	C:\WINDOWS\System32\PSAPI.DLL
0x00007ffe83fb0000 - 0x00007ffe83fd3000 	C:\WINDOWS\SYSTEM32\WINMM.dll
0x00007ffe79390000 - 0x00007ffe7939a000 	C:\WINDOWS\SYSTEM32\VERSION.dll
0x00007ffe75ae0000 - 0x00007ffe75ae9000 	C:\WINDOWS\SYSTEM32\WSOCK32.dll
0x00007ffe83f50000 - 0x00007ffe83f7b000 	C:\WINDOWS\SYSTEM32\WINMMBASE.dll
0x00007ffe896f0000 - 0x00007ffe8975a000 	C:\WINDOWS\System32\ws2_32.DLL
0x00007ffe86b90000 - 0x00007ffe86bd2000 	C:\WINDOWS\System32\cfgmgr32.dll
0x00007ffe7b7e0000 - 0x00007ffe7b7ef000 	C:\Program Files\Android\Android Studio\jre\jre\bin\verify.dll
0x00007ffe74180000 - 0x00007ffe741a9000 	C:\Program Files\Android\Android Studio\jre\jre\bin\java.dll
0x00007ffe749a0000 - 0x00007ffe749b6000 	C:\Program Files\Android\Android Studio\jre\jre\bin\zip.dll
0x00007ffe881e0000 - 0x00007ffe896e9000 	C:\WINDOWS\System32\SHELL32.dll
0x00007ffe85fb0000 - 0x00007ffe8668a000 	C:\WINDOWS\System32\windows.storage.dll
0x00007ffe85c50000 - 0x00007ffe85c9c000 	C:\WINDOWS\System32\powrprof.dll
0x00007ffe87bc0000 - 0x00007ffe87c12000 	C:\WINDOWS\System32\shlwapi.dll
0x00007ffe85c10000 - 0x00007ffe85c1f000 	C:\WINDOWS\System32\kernel.appcore.dll
0x00007ffe86690000 - 0x00007ffe86739000 	C:\WINDOWS\System32\shcore.dll
0x00007ffe85c30000 - 0x00007ffe85c44000 	C:\WINDOWS\System32\profapi.dll

VM Arguments:
jvm_args: -Djava.awt.headless=true -Xmx1024M -Dfile.encoding=windows-1252 -Duser.country=US -Duser.language=en -Duser.variant 
java_command: com.android.dx.command.Main --dex --force-jumbo --num-threads=4 --multi-dex --output C:\Users\Savanna\Documents\CSE476\project1cse476\project1-team5\app\build\intermediates\transforms\dex\debug\folders\1000\10\com.android.support-appcompat-v7-25.1.0_7ab3b4fbdeb76db3c489f5d089621c7b7432c7ed C:\Users\Savanna\Documents\CSE476\project1cse476\project1-team5\app\build\intermediates\exploded-aar\com.android.support\appcompat-v7\25.1.0\jars\classes.jar
java_class_path (initial): C:\Users\Savanna\AppData\Local\Android\sdk\build-tools\25.0.2\lib\dx.jar
Launcher Type: SUN_STANDARD

Environment Variables:
PATH=C:\ProgramData\Oracle\Java\javapath;C:\Program Files (x86)\NVIDIA Corporation\PhysX\Common;C:\Program Files (x86)\HP SimplePass\x64;C:\Program Files (x86)\HP SimplePass\;C:\Program Files (x86)\Intel\iCLS Client\;C:\Program Files\Intel\iCLS Client\;C:\WINDOWS\system32;C:\WINDOWS;C:\WINDOWS\System32\Wbem;C:\WINDOWS\System32\WindowsPowerShell\v1.0\;C:\Program Files (x86)\Windows Live\Shared;C:\Program Files (x86)\Intel\OpenCL SDK\3.0\bin\x86;C:\Program Files (x86)\Intel\OpenCL SDK\3.0\bin\x64;C:\Program Files\Intel\Intel(R) Management Engine Components\DAL;C:\Program Files\Intel\Intel(R) Management Engine Components\IPT;C:\Program Files (x86)\Intel\Intel(R) Management Engine Components\DAL;C:\Program Files (x86)\Intel\Intel(R) Management Engine Components\IPT;C:\Program Files\Microsoft\Web Platform Installer\;C:\Program Files (x86)\Microsoft ASP.NET\ASP.NET Web Pages\v1.0\;C:\Program Files (x86)\Windows Kits\8.0\Windows Performance Toolkit\;C:\Program Files\Microsoft SQL Server\110\Tools\Binn\;C:\Program Files\Intel\WiFi\bin\;C:\Program Files\Common Files\Intel\WirelessCommon\;C:\Program Files (x86)\Skype\Phone\;C:\WINDOWS\system32\config\systemprofile\.dnx\bin;C:\Program Files\Microsoft DNX\Dnvm\;C:\Program Files\Microsoft SQL Server\120\Tools\Binn\;C:\Program Files\Microsoft SQL Server\130\Tools\Binn\;C:\Program Files (x86)\QuickTime\QTSystem\;C:\Users\Savanna\ffmpeg\bin;C:\Users\Savanna\libav\usr\bin;C:\Program Files\Git\cmd;C:\Program Files\Git\mingw64\bin;C:\Program Files\Git\usr\bin;C:\Program Files\Intel\WiFi\bin\;C:\Program Files\Common Files\Intel\WirelessCommon\;C:\Users\Savanna\AppData\Local\Microsoft\WindowsApps;C:\Users\Savanna\AppData\Local\atom\bin
USERNAME=Savanna
OS=Windows_NT
PROCESSOR_IDENTIFIER=Intel64 Family 6 Model 60 Stepping 3, GenuineIntel



---------------  S Y S T E M  ---------------

OS: Windows 10.0 , 64 bit Build 14393 (10.0.14393.0)

CPU:total 8 (4 cores per cpu, 2 threads per core) family 6 model 60 stepping 3, cmov, cx8, fxsr, mmx, sse, sse2, sse3, ssse3, sse4.1, sse4.2, popcnt, avx, avx2, aes, clmul, erms, lzcnt, ht, tsc, tscinvbit, bmi1, bmi2

Memory: 4k page, physical 8154396k(250024k free), swap 12813596k(3488k free)

vm_info: OpenJDK 64-Bit Server VM (25.76-b03) for windows-amd64 JRE (1.8.0_76-release-b03), built on Jun 29 2016 19:09:20 by "ralucas" with MS VC++ 10.0 (VS2010)

time: Mon Mar 13 14:45:26 2017
elapsed time: 11 seconds (0d 0h 0m 11s)

