#
# There is insufficient memory for the Java Runtime Environment to continue.
# Native memory allocation (malloc) failed to allocate 283456 bytes for Chunk::new
# Possible reasons:
#   The system is out of physical RAM or swap space
#   In 32 bit mode, the process size limit was hit
# Possible solutions:
#   Reduce memory load on the system
#   Increase physical memory or swap space
#   Check if swap backing store is full
#   Use 64 bit Java on a 64 bit OS
#   Decrease Java heap size (-Xmx/-Xms)
#   Decrease number of Java threads
#   Decrease Java thread stack sizes (-Xss)
#   Set larger code cache with -XX:ReservedCodeCacheSize=
# This output file may be truncated or incomplete.
#
#  Out of Memory Error (allocation.cpp:390), pid=660, tid=0x000000000000a634
#
# JRE version: OpenJDK Runtime Environment (8.0_76-b03) (build 1.8.0_76-release-b03)
# Java VM: OpenJDK 64-Bit Server VM (25.76-b03 mixed mode windows-amd64 compressed oops)
# Failed to write core dump. Minidumps are not enabled by default on client versions of Windows
#

---------------  T H R E A D  ---------------

Current thread (0x0000000017b4f800):  JavaThread "C2 CompilerThread1" daemon [_thread_in_native, id=42548, stack(0x0000000018410000,0x0000000018510000)]

Stack: [0x0000000018410000,0x0000000018510000]
[error occurred during error reporting (printing stack bounds), id 0xc0000005]

Native frames: (J=compiled Java code, j=interpreted, Vv=VM code, C=native code)


Current CompileTask:
C2:  11596 2328       4       java.util.TreeMap$Entry::hashCode (42 bytes)


---------------  P R O C E S S  ---------------

Java Threads: ( => current thread )
  0x0000000017e67000 JavaThread "pool-1-thread-1" [_thread_in_Java, id=3952, stack(0x000000001b5b0000,0x000000001b6b0000)]
  0x0000000017bea800 JavaThread "Service Thread" daemon [_thread_blocked, id=31632, stack(0x0000000018710000,0x0000000018810000)]
  0x0000000017b58800 JavaThread "C1 CompilerThread3" daemon [_thread_blocked, id=46524, stack(0x0000000018610000,0x0000000018710000)]
  0x0000000017b54000 JavaThread "C2 CompilerThread2" daemon [_thread_in_native, id=37056, stack(0x0000000018510000,0x0000000018610000)]
=>0x0000000017b4f800 JavaThread "C2 CompilerThread1" daemon [_thread_in_native, id=42548, stack(0x0000000018410000,0x0000000018510000)]
  0x0000000017b4c800 JavaThread "C2 CompilerThread0" daemon [_thread_in_native, id=46144, stack(0x0000000018310000,0x0000000018410000)]
  0x0000000017b49000 JavaThread "Attach Listener" daemon [_thread_blocked, id=45660, stack(0x0000000018210000,0x0000000018310000)]
  0x0000000017b47800 JavaThread "Signal Dispatcher" daemon [_thread_blocked, id=40236, stack(0x0000000018110000,0x0000000018210000)]
  0x0000000003138800 JavaThread "Finalizer" daemon [_thread_blocked, id=37876, stack(0x0000000017f20000,0x0000000018020000)]
  0x0000000003135000 JavaThread "Reference Handler" daemon [_thread_blocked, id=43436, stack(0x0000000017a20000,0x0000000017b20000)]
  0x0000000002f3d800 JavaThread "main" [_thread_blocked, id=46432, stack(0x0000000002f40000,0x0000000003040000)]

Other Threads:
  0x0000000015c55800 VMThread [stack: 0x0000000017920000,0x0000000017a20000] [id=30924]
  0x0000000017beb800 WatcherThread [stack: 0x0000000018810000,0x0000000018910000] [id=39472]

VM state:not at safepoint (normal execution)

VM Mutex/Monitor currently owned by a thread: None

Heap:
 PSYoungGen      total 136192K, used 91385K [0x00000000eab00000, 0x00000000f3500000, 0x0000000100000000)
  eden space 131072K, 65% used [0x00000000eab00000,0x00000000eff41940,0x00000000f2b00000)
  from space 5120K, 99% used [0x00000000f3000000,0x00000000f34fcc88,0x00000000f3500000)
  to   space 5120K, 0% used [0x00000000f2b00000,0x00000000f2b00000,0x00000000f3000000)
 ParOldGen       total 86016K, used 23301K [0x00000000c0000000, 0x00000000c5400000, 0x00000000eab00000)
  object space 86016K, 27% used [0x00000000c0000000,0x00000000c16c14a0,0x00000000c5400000)
 Metaspace       used 6322K, capacity 7280K, committed 7552K, reserved 1056768K
  class space    used 572K, capacity 616K, committed 640K, reserved 1048576K

Card table byte_map: [0x0000000012500000,0x0000000012710000] byte_map_base: 0x0000000011f00000

Marking Bits: (ParMarkBitMap*) 0x00000000700d9d00
 Begin Bits: [0x0000000013070000, 0x0000000014070000)
 End Bits:   [0x0000000014070000, 0x0000000015070000)

Polling page: 0x0000000002e80000

CodeCache: size=245760Kb used=11312Kb max_used=11312Kb free=234447Kb
 bounds [0x0000000003140000, 0x0000000003c60000, 0x0000000012140000]
 total_blobs=2544 nmethods=2281 adapters=176
 compilation: enabled

Compilation events (10 events):
Event: 11.505 Thread 0x0000000017b58800 2350       3       java.util.HashSet::iterator (13 bytes)
Event: 11.505 Thread 0x0000000017b58800 nmethod 2350 0x0000000003c35510 code [0x0000000003c35680, 0x0000000003c35958]
Event: 11.505 Thread 0x0000000017b58800 2351       3       java.util.HashMap::keySet (25 bytes)
Event: 11.505 Thread 0x0000000017b58800 nmethod 2351 0x0000000003c50250 code [0x0000000003c503c0, 0x0000000003c50750]
Event: 11.505 Thread 0x0000000017b58800 2352       3       java.util.HashMap$KeySet::iterator (12 bytes)
Event: 11.506 Thread 0x0000000017b58800 nmethod 2352 0x0000000003c508d0 code [0x0000000003c50a40, 0x0000000003c50ca8]
Event: 11.506 Thread 0x0000000017b58800 2353       3       com.android.dx.dex.file.CodeItem::addContents (174 bytes)
Event: 11.507 Thread 0x0000000017b58800 nmethod 2353 0x0000000003c50d90 code [0x0000000003c510a0, 0x0000000003c52a48]
Event: 11.510 Thread 0x0000000017b58800 2355       3       com.android.dx.dex.file.DebugInfoItem::<init> (36 bytes)
Event: 11.511 Thread 0x0000000017b58800 nmethod 2355 0x0000000003c53510 code [0x0000000003c53680, 0x0000000003c53958]

GC Heap History (8 events):
Event: 1.025 GC heap before
{Heap before GC invocations=1 (full 0):
 PSYoungGen      total 37888K, used 32768K [0x00000000eab00000, 0x00000000ed500000, 0x0000000100000000)
  eden space 32768K, 100% used [0x00000000eab00000,0x00000000ecb00000,0x00000000ecb00000)
  from space 5120K, 0% used [0x00000000ed000000,0x00000000ed000000,0x00000000ed500000)
  to   space 5120K, 0% used [0x00000000ecb00000,0x00000000ecb00000,0x00000000ed000000)
 ParOldGen       total 86016K, used 0K [0x00000000c0000000, 0x00000000c5400000, 0x00000000eab00000)
  object space 86016K, 0% used [0x00000000c0000000,0x00000000c0000000,0x00000000c5400000)
 Metaspace       used 5705K, capacity 6832K, committed 7040K, reserved 1056768K
  class space    used 561K, capacity 616K, committed 640K, reserved 1048576K
Event: 1.100 GC heap after
Heap after GC invocations=1 (full 0):
 PSYoungGen      total 37888K, used 4947K [0x00000000eab00000, 0x00000000ef500000, 0x0000000100000000)
  eden space 32768K, 0% used [0x00000000eab00000,0x00000000eab00000,0x00000000ecb00000)
  from space 5120K, 96% used [0x00000000ecb00000,0x00000000ecfd4c78,0x00000000ed000000)
  to   space 5120K, 0% used [0x00000000ef000000,0x00000000ef000000,0x00000000ef500000)
 ParOldGen       total 86016K, used 8K [0x00000000c0000000, 0x00000000c5400000, 0x00000000eab00000)
  object space 86016K, 0% used [0x00000000c0000000,0x00000000c0002000,0x00000000c5400000)
 Metaspace       used 5705K, capacity 6832K, committed 7040K, reserved 1056768K
  class space    used 561K, capacity 616K, committed 640K, reserved 1048576K
}
Event: 2.732 GC heap before
{Heap before GC invocations=2 (full 0):
 PSYoungGen      total 37888K, used 37714K [0x00000000eab00000, 0x00000000ef500000, 0x0000000100000000)
  eden space 32768K, 99% used [0x00000000eab00000,0x00000000ecaffc58,0x00000000ecb00000)
  from space 5120K, 96% used [0x00000000ecb00000,0x00000000ecfd4c78,0x00000000ed000000)
  to   space 5120K, 0% used [0x00000000ef000000,0x00000000ef000000,0x00000000ef500000)
 ParOldGen       total 86016K, used 8K [0x00000000c0000000, 0x00000000c5400000, 0x00000000eab00000)
  object space 86016K, 0% used [0x00000000c0000000,0x00000000c0002000,0x00000000c5400000)
 Metaspace       used 5991K, capacity 7088K, committed 7296K, reserved 1056768K
  class space    used 565K, capacity 616K, committed 640K, reserved 1048576K
Event: 2.781 GC heap after
Heap after GC invocations=2 (full 0):
 PSYoungGen      total 70656K, used 5095K [0x00000000eab00000, 0x00000000ef500000, 0x0000000100000000)
  eden space 65536K, 0% used [0x00000000eab00000,0x00000000eab00000,0x00000000eeb00000)
  from space 5120K, 99% used [0x00000000ef000000,0x00000000ef4f9c98,0x00000000ef500000)
  to   space 5120K, 0% used [0x00000000eeb00000,0x00000000eeb00000,0x00000000ef000000)
 ParOldGen       total 86016K, used 3180K [0x00000000c0000000, 0x00000000c5400000, 0x00000000eab00000)
  object space 86016K, 3% used [0x00000000c0000000,0x00000000c031b1f8,0x00000000c5400000)
 Metaspace       used 5991K, capacity 7088K, committed 7296K, reserved 1056768K
  class space    used 565K, capacity 616K, committed 640K, reserved 1048576K
}
Event: 4.432 GC heap before
{Heap before GC invocations=3 (full 0):
 PSYoungGen      total 70656K, used 70631K [0x00000000eab00000, 0x00000000ef500000, 0x0000000100000000)
  eden space 65536K, 100% used [0x00000000eab00000,0x00000000eeb00000,0x00000000eeb00000)
  from space 5120K, 99% used [0x00000000ef000000,0x00000000ef4f9c98,0x00000000ef500000)
  to   space 5120K, 0% used [0x00000000eeb00000,0x00000000eeb00000,0x00000000ef000000)
 ParOldGen       total 86016K, used 3180K [0x00000000c0000000, 0x00000000c5400000, 0x00000000eab00000)
  object space 86016K, 3% used [0x00000000c0000000,0x00000000c031b1f8,0x00000000c5400000)
 Metaspace       used 6147K, capacity 7152K, committed 7296K, reserved 1056768K
  class space    used 566K, capacity 616K, committed 640K, reserved 1048576K
Event: 4.482 GC heap after
Heap after GC invocations=3 (full 0):
 PSYoungGen      total 70656K, used 5088K [0x00000000eab00000, 0x00000000f3500000, 0x0000000100000000)
  eden space 65536K, 0% used [0x00000000eab00000,0x00000000eab00000,0x00000000eeb00000)
  from space 5120K, 99% used [0x00000000eeb00000,0x00000000eeff8028,0x00000000ef000000)
  to   space 5120K, 0% used [0x00000000f3000000,0x00000000f3000000,0x00000000f3500000)
 ParOldGen       total 86016K, used 13361K [0x00000000c0000000, 0x00000000c5400000, 0x00000000eab00000)
  object space 86016K, 15% used [0x00000000c0000000,0x00000000c0d0c750,0x00000000c5400000)
 Metaspace       used 6147K, capacity 7152K, committed 7296K, reserved 1056768K
  class space    used 566K, capacity 616K, committed 640K, reserved 1048576K
}
Event: 8.306 GC heap before
{Heap before GC invocations=4 (full 0):
 PSYoungGen      total 70656K, used 70624K [0x00000000eab00000, 0x00000000f3500000, 0x0000000100000000)
  eden space 65536K, 100% used [0x00000000eab00000,0x00000000eeb00000,0x00000000eeb00000)
  from space 5120K, 99% used [0x00000000eeb00000,0x00000000eeff8028,0x00000000ef000000)
  to   space 5120K, 0% used [0x00000000f3000000,0x00000000f3000000,0x00000000f3500000)
 ParOldGen       total 86016K, used 13361K [0x00000000c0000000, 0x00000000c5400000, 0x00000000eab00000)
  object space 86016K, 15% used [0x00000000c0000000,0x00000000c0d0c750,0x00000000c5400000)
 Metaspace       used 6201K, capacity 7216K, committed 7296K, reserved 1056768K
  class space    used 566K, capacity 616K, committed 640K, reserved 1048576K
Event: 8.549 GC heap after
Heap after GC invocations=4 (full 0):
 PSYoungGen      total 136192K, used 5107K [0x00000000eab00000, 0x00000000f3500000, 0x0000000100000000)
  eden space 131072K, 0% used [0x00000000eab00000,0x00000000eab00000,0x00000000f2b00000)
  from space 5120K, 99% used [0x00000000f3000000,0x00000000f34fcc88,0x00000000f3500000)
  to   space 5120K, 0% used [0x00000000f2b00000,0x00000000f2b00000,0x00000000f3000000)
 ParOldGen       total 86016K, used 23301K [0x00000000c0000000, 0x00000000c5400000, 0x00000000eab00000)
  object space 86016K, 27% used [0x00000000c0000000,0x00000000c16c14a0,0x00000000c5400000)
 Metaspace       used 6201K, capacity 7216K, committed 7296K, reserved 1056768K
  class space    used 566K, capacity 616K, committed 640K, reserved 1048576K
}

Deoptimization events (10 events):
Event: 10.920 Thread 0x0000000017e3f000 Uncommon trap: reason=bimorphic action=maybe_recompile pc=0x00000000037d6a5c method=com.android.dx.ssa.SCCP.simulatePhi(Lcom/android/dx/ssa/PhiInsn;)V @ 124
Event: 11.431 Thread 0x0000000017e67000 Uncommon trap: reason=class_check action=maybe_recompile pc=0x00000000035bfc58 method=java.util.Arrays.hashCode([Ljava/lang/Object;)I @ 43
Event: 11.431 Thread 0x0000000017e67000 Uncommon trap: reason=class_check action=maybe_recompile pc=0x00000000035bfc58 method=java.util.Arrays.hashCode([Ljava/lang/Object;)I @ 43
Event: 11.431 Thread 0x0000000017e67000 Uncommon trap: reason=class_check action=maybe_recompile pc=0x00000000035bfc58 method=java.util.Arrays.hashCode([Ljava/lang/Object;)I @ 43
Event: 11.431 Thread 0x0000000017e67000 Uncommon trap: reason=class_check action=maybe_recompile pc=0x00000000035bfc58 method=java.util.Arrays.hashCode([Ljava/lang/Object;)I @ 43
Event: 11.431 Thread 0x0000000017e67000 Uncommon trap: reason=class_check action=maybe_recompile pc=0x0000000003591bb8 method=java.util.Arrays.hashCode([Ljava/lang/Object;)I @ 43
Event: 11.434 Thread 0x0000000017e67000 Uncommon trap: reason=bimorphic action=maybe_recompile pc=0x0000000003bd770c method=java.util.HashMap.getNode(ILjava/lang/Object;)Ljava/util/HashMap$Node; @ 126
Event: 11.435 Thread 0x0000000017e67000 Uncommon trap: reason=bimorphic action=maybe_recompile pc=0x0000000003bd770c method=java.util.HashMap.getNode(ILjava/lang/Object;)Ljava/util/HashMap$Node; @ 126
Event: 11.438 Thread 0x0000000017e67000 Uncommon trap: reason=bimorphic action=maybe_recompile pc=0x0000000003bd770c method=java.util.HashMap.getNode(ILjava/lang/Object;)Ljava/util/HashMap$Node; @ 126
Event: 11.441 Thread 0x0000000017e67000 Uncommon trap: reason=bimorphic action=maybe_recompile pc=0x0000000003bd770c method=java.util.HashMap.getNode(ILjava/lang/Object;)Ljava/util/HashMap$Node; @ 126

Internal exceptions (5 events):
Event: 0.181 Thread 0x0000000002f3d800 Exception <a 'java/lang/NoSuchMethodError': Method sun.misc.Unsafe.defineClass(Ljava/lang/String;[BII)Ljava/lang/Class; name or signature does not match> (0x00000000eab07cc0) thrown at [C:\src\android\AOSP-openjdk\external\jetbrains\jdk\hotspot\src\share\v)y–)Ç?
Event: 0.181 Thread 0x0000000002f3d800 Exception <a 'java/lang/NoSuchMethodError': Method sun.misc.Unsafe.prefetchRead(Ljava/lang/Object;J)V name or signature does not match> (0x00000000eab07fa8) thrown at [C:\src\android\AOSP-openjdk\external\jetbrains\jdk\hotspot\src\share\vm\prims\jni.cpp, lGÿ
nÒì@
Event: 2.866 Thread 0x0000000017e3f000 Implicit null exception at 0x0000000003514ea4 to 0x00000000035167cd
Event: 2.989 Thread 0x0000000017e98800 Implicit null exception at 0x000000000350b5f4 to 0x000000000350cc81
Event: 4.407 Thread 0x0000000017e98800 Implicit null exception at 0x0000000003982f9c to 0x0000000003987a61

Events (10 events):
Event: 11.435 Thread 0x0000000017e67000 DEOPT PACKING pc=0x0000000003bd770c sp=0x000000001b6aefe0
Event: 11.435 Thread 0x0000000017e67000 DEOPT UNPACKING pc=0x000000000318556a sp=0x000000001b6aef60 mode 2
Event: 11.438 Thread 0x0000000017e67000 Uncommon trap: trap_request=0xffffffc6 fr.pc=0x0000000003bd770c
Event: 11.438 Thread 0x0000000017e67000 DEOPT PACKING pc=0x0000000003bd770c sp=0x000000001b6aefe0
Event: 11.438 Thread 0x0000000017e67000 DEOPT UNPACKING pc=0x000000000318556a sp=0x000000001b6aef60 mode 2
Event: 11.441 Thread 0x0000000017e67000 Uncommon trap: trap_request=0xffffffc6 fr.pc=0x0000000003bd770c
Event: 11.441 Thread 0x0000000017e67000 DEOPT PACKING pc=0x0000000003bd770c sp=0x000000001b6aefe0
Event: 11.441 Thread 0x0000000017e67000 DEOPT UNPACKING pc=0x000000000318556a sp=0x000000001b6aef60 mode 2
Event: 11.499 loading class com/android/dx/dex/file/CatchStructs
Event: 11.499 loading class com/android/dx/dex/file/CatchStructs done


Dynamic libraries:
0x00007ff6c0bf0000 - 0x00007ff6c0c21000 	C:\Program Files\Android\Android Studio\jre\bin\java.exe
0x00007ffe897b0000 - 0x00007ffe89981000 	C:\WINDOWS\SYSTEM32\ntdll.dll
0x00007ffe87c20000 - 0x00007ffe87ccb000 	C:\WINDOWS\System32\KERNEL32.DLL
0x00007ffe86740000 - 0x00007ffe8695d000 	C:\WINDOWS\System32\KERNELBASE.dll
0x00007ffe87d90000 - 0x00007ffe87e32000 	C:\WINDOWS\System32\ADVAPI32.dll
0x00007ffe880e0000 - 0x00007ffe8817e000 	C:\WINDOWS\System32\msvcrt.dll
0x00007ffe86da0000 - 0x00007ffe86df9000 	C:\WINDOWS\System32\sechost.dll
0x00007ffe87e40000 - 0x00007ffe87f61000 	C:\WINDOWS\System32\RPCRT4.dll
0x00007ffe87f70000 - 0x00007ffe880d5000 	C:\WINDOWS\System32\USER32.dll
0x00007ffe85d10000 - 0x00007ffe85d2e000 	C:\WINDOWS\System32\win32u.dll
0x00007ffe89770000 - 0x00007ffe897a4000 	C:\WINDOWS\System32\GDI32.dll
0x00007ffe86a00000 - 0x00007ffe86b82000 	C:\WINDOWS\System32\gdi32full.dll
0x00007ffe78b00000 - 0x00007ffe78d79000 	C:\WINDOWS\WinSxS\amd64_microsoft.windows.common-controls_6595b64144ccf1df_6.0.14393.447_none_42191651c6827bb3\COMCTL32.dll
0x00007ffe874c0000 - 0x00007ffe87788000 	C:\WINDOWS\System32\combase.dll
0x00007ffe86be0000 - 0x00007ffe86cd5000 	C:\WINDOWS\System32\ucrtbase.dll
0x00007ffe85ca0000 - 0x00007ffe85d0a000 	C:\WINDOWS\System32\bcryptPrimitives.dll
0x00007ffe87180000 - 0x00007ffe871ae000 	C:\WINDOWS\System32\IMM32.DLL
0x000000006f840000 - 0x000000006f912000 	C:\Program Files\Android\Android Studio\jre\jre\bin\msvcr100.dll
0x000000006f920000 - 0x0000000070154000 	C:\Program Files\Android\Android Studio\jre\jre\bin\server\jvm.dll
0x00007ffe871b0000 - 0x00007ffe871b8000 	C:\WINDOWS\System32\PSAPI.DLL
0x00007ffe75ae0000 - 0x00007ffe75ae9000 	C:\WINDOWS\SYSTEM32\WSOCK32.dll
0x00007ffe83fb0000 - 0x00007ffe83fd3000 	C:\WINDOWS\SYSTEM32\WINMM.dll
0x00007ffe79390000 - 0x00007ffe7939a000 	C:\WINDOWS\SYSTEM32\VERSION.dll
0x00007ffe896f0000 - 0x00007ffe8975a000 	C:\WINDOWS\System32\WS2_32.dll
0x00007ffe83f50000 - 0x00007ffe83f7b000 	C:\WINDOWS\SYSTEM32\WINMMBASE.dll
0x00007ffe86b90000 - 0x00007ffe86bd2000 	C:\WINDOWS\System32\cfgmgr32.dll
0x00007ffe7b7e0000 - 0x00007ffe7b7ef000 	C:\Program Files\Android\Android Studio\jre\jre\bin\verify.dll
0x00007ffe74180000 - 0x00007ffe741a9000 	C:\Program Files\Android\Android Studio\jre\jre\bin\java.dll
0x00007ffe749a0000 - 0x00007ffe749b6000 	C:\Program Files\Android\Android Studio\jre\jre\bin\zip.dll
0x00007ffe881e0000 - 0x00007ffe896e9000 	C:\WINDOWS\System32\SHELL32.dll
0x00007ffe85fb0000 - 0x00007ffe8668a000 	C:\WINDOWS\System32\windows.storage.dll
0x00007ffe85c50000 - 0x00007ffe85c9c000 	C:\WINDOWS\System32\powrprof.dll
0x00007ffe87bc0000 - 0x00007ffe87c12000 	C:\WINDOWS\System32\shlwapi.dll
0x00007ffe85c10000 - 0x00007ffe85c1f000 	C:\WINDOWS\System32\kernel.appcore.dll
0x00007ffe86690000 - 0x00007ffe86739000 	C:\WINDOWS\System32\shcore.dll
0x00007ffe85c30000 - 0x00007ffe85c44000 	C:\WINDOWS\System32\profapi.dll

VM Arguments:
jvm_args: -Djava.awt.headless=true -Xmx1024M -Dfile.encoding=windows-1252 -Duser.country=US -Duser.language=en -Duser.variant 
java_command: com.android.dx.command.Main --dex --force-jumbo --num-threads=4 --multi-dex --output C:\Users\Savanna\Documents\CSE476\project1cse476\project1-team5\app\build\intermediates\transforms\dex\debug\folders\1000\10\com.android.support-support-compat-25.1.0_0e9e6ee5a1c1cf6c491b67e629ca2fe4d1354fb1 C:\Users\Savanna\Documents\CSE476\project1cse476\project1-team5\app\build\intermediates\exploded-aar\com.android.support\support-compat\25.1.0\jars\classes.jar
java_class_path (initial): C:\Users\Savanna\AppData\Local\Android\sdk\build-tools\25.0.2\lib\dx.jar
Launcher Type: SUN_STANDARD

Environment Variables:
PATH=C:\ProgramData\Oracle\Java\javapath;C:\Program Files (x86)\NVIDIA Corporation\PhysX\Common;C:\Program Files (x86)\HP SimplePass\x64;C:\Program Files (x86)\HP SimplePass\;C:\Program Files (x86)\Intel\iCLS Client\;C:\Program Files\Intel\iCLS Client\;C:\WINDOWS\system32;C:\WINDOWS;C:\WINDOWS\System32\Wbem;C:\WINDOWS\System32\WindowsPowerShell\v1.0\;C:\Program Files (x86)\Windows Live\Shared;C:\Program Files (x86)\Intel\OpenCL SDK\3.0\bin\x86;C:\Program Files (x86)\Intel\OpenCL SDK\3.0\bin\x64;C:\Program Files\Intel\Intel(R) Management Engine Components\DAL;C:\Program Files\Intel\Intel(R) Management Engine Components\IPT;C:\Program Files (x86)\Intel\Intel(R) Management Engine Components\DAL;C:\Program Files (x86)\Intel\Intel(R) Management Engine Components\IPT;C:\Program Files\Microsoft\Web Platform Installer\;C:\Program Files (x86)\Microsoft ASP.NET\ASP.NET Web Pages\v1.0\;C:\Program Files (x86)\Windows Kits\8.0\Windows Performance Toolkit\;C:\Program Files\Microsoft SQL Server\110\Tools\Binn\;C:\Program Files\Intel\WiFi\bin\;C:\Program Files\Common Files\Intel\WirelessCommon\;C:\Program Files (x86)\Skype\Phone\;C:\WINDOWS\system32\config\systemprofile\.dnx\bin;C:\Program Files\Microsoft DNX\Dnvm\;C:\Program Files\Microsoft SQL Server\120\Tools\Binn\;C:\Program Files\Microsoft SQL Server\130\Tools\Binn\;C:\Program Files (x86)\QuickTime\QTSystem\;C:\Users\Savanna\ffmpeg\bin;C:\Users\Savanna\libav\usr\bin;C:\Program Files\Git\cmd;C:\Program Files\Git\mingw64\bin;C:\Program Files\Git\usr\bin;C:\Program Files\Intel\WiFi\bin\;C:\Program Files\Common Files\Intel\WirelessCommon\;C:\Users\Savanna\AppData\Local\Microsoft\WindowsApps;C:\Users\Savanna\AppData\Local\atom\bin
USERNAME=Savanna
OS=Windows_NT
PROCESSOR_IDENTIFIER=Intel64 Family 6 Model 60 Stepping 3, GenuineIntel



---------------  S Y S T E M  ---------------

OS: Windows 10.0 , 64 bit Build 14393 (10.0.14393.0)

CPU:total 8 (4 cores per cpu, 2 threads per core) family 6 model 60 stepping 3, cmov, cx8, fxsr, mmx, sse, sse2, sse3, ssse3, sse4.1, sse4.2, popcnt, avx, avx2, aes, clmul, erms, lzcnt, ht, tsc, tscinvbit, bmi1, bmi2

Memory: 4k page, physical 8154396k(242660k free), swap 12813596k(652k free)

vm_info: OpenJDK 64-Bit Server VM (25.76-b03) for windows-amd64 JRE (1.8.0_76-release-b03), built on Jun 29 2016 19:09:20 by "ralucas" with MS VC++ 10.0 (VS2010)

time: Mon Mar 13 14:45:26 2017
elapsed time: 11 seconds (0d 0h 0m 11s)

